<?xml version="1.0" encoding="UTF-8"?>
<!-- Generated by org.testng.reporters.JUnitReportReporter -->
<testsuite hostname="DESKTOP-IDH9V1V" failures="0" tests="1" name="practise.First" time="0.010" errors="0" timestamp="2024-01-26T08:26:53 IST" skipped="0">
  <testcase classname="practise.First" name="first" time="0.010"/>
</testsuite> <!-- practise.First -->
